/home/leonard/.rvm/gems/ruby-1.9.3-p448/gems/railties-3.2.13/lib/rails/commands/runner.rb:53:in `eval': uninitialized constant Atendimentos (NameError)
	from /home/leonard/.rvm/gems/ruby-1.9.3-p448/gems/railties-3.2.13/lib/rails/commands/runner.rb:53:in `eval'
	from /home/leonard/.rvm/gems/ruby-1.9.3-p448/gems/railties-3.2.13/lib/rails/commands/runner.rb:53:in `<top (required)>'
	from /home/leonard/.rvm/gems/ruby-1.9.3-p448/gems/railties-3.2.13/lib/rails/commands.rb:64:in `require'
	from /home/leonard/.rvm/gems/ruby-1.9.3-p448/gems/railties-3.2.13/lib/rails/commands.rb:64:in `<top (required)>'
	from script/rails:6:in `require'
	from script/rails:6:in `<main>'
/home/leonard/.rvm/gems/ruby-1.9.3-p448/gems/railties-3.2.13/lib/rails/commands/runner.rb:53:in `eval': uninitialized constant Atendimentos (NameError)
	from /home/leonard/.rvm/gems/ruby-1.9.3-p448/gems/railties-3.2.13/lib/rails/commands/runner.rb:53:in `eval'
	from /home/leonard/.rvm/gems/ruby-1.9.3-p448/gems/railties-3.2.13/lib/rails/commands/runner.rb:53:in `<top (required)>'
	from /home/leonard/.rvm/gems/ruby-1.9.3-p448/gems/railties-3.2.13/lib/rails/commands.rb:64:in `require'
	from /home/leonard/.rvm/gems/ruby-1.9.3-p448/gems/railties-3.2.13/lib/rails/commands.rb:64:in `<top (required)>'
	from script/rails:6:in `require'
	from script/rails:6:in `<main>'
/home/leonard/.rvm/gems/ruby-1.9.3-p448/gems/railties-3.2.13/lib/rails/commands/runner.rb:53:in `eval': uninitialized constant Atendimentos (NameError)
	from /home/leonard/.rvm/gems/ruby-1.9.3-p448/gems/railties-3.2.13/lib/rails/commands/runner.rb:53:in `eval'
	from /home/leonard/.rvm/gems/ruby-1.9.3-p448/gems/railties-3.2.13/lib/rails/commands/runner.rb:53:in `<top (required)>'
	from /home/leonard/.rvm/gems/ruby-1.9.3-p448/gems/railties-3.2.13/lib/rails/commands.rb:64:in `require'
	from /home/leonard/.rvm/gems/ruby-1.9.3-p448/gems/railties-3.2.13/lib/rails/commands.rb:64:in `<top (required)>'
	from script/rails:6:in `require'
	from script/rails:6:in `<main>'
/home/leonard/.rvm/gems/ruby-1.9.3-p448/gems/railties-3.2.13/lib/rails/commands/runner.rb:53:in `eval': uninitialized constant Atendimentos (NameError)
	from /home/leonard/.rvm/gems/ruby-1.9.3-p448/gems/railties-3.2.13/lib/rails/commands/runner.rb:53:in `eval'
	from /home/leonard/.rvm/gems/ruby-1.9.3-p448/gems/railties-3.2.13/lib/rails/commands/runner.rb:53:in `<top (required)>'
	from /home/leonard/.rvm/gems/ruby-1.9.3-p448/gems/railties-3.2.13/lib/rails/commands.rb:64:in `require'
	from /home/leonard/.rvm/gems/ruby-1.9.3-p448/gems/railties-3.2.13/lib/rails/commands.rb:64:in `<top (required)>'
	from script/rails:6:in `require'
	from script/rails:6:in `<main>'
/home/leonard/.rvm/gems/ruby-1.9.3-p448/gems/railties-3.2.13/lib/rails/commands/runner.rb:53:in `eval': uninitialized constant Atendimentos (NameError)
	from /home/leonard/.rvm/gems/ruby-1.9.3-p448/gems/railties-3.2.13/lib/rails/commands/runner.rb:53:in `eval'
	from /home/leonard/.rvm/gems/ruby-1.9.3-p448/gems/railties-3.2.13/lib/rails/commands/runner.rb:53:in `<top (required)>'
	from /home/leonard/.rvm/gems/ruby-1.9.3-p448/gems/railties-3.2.13/lib/rails/commands.rb:64:in `require'
	from /home/leonard/.rvm/gems/ruby-1.9.3-p448/gems/railties-3.2.13/lib/rails/commands.rb:64:in `<top (required)>'
	from script/rails:6:in `require'
	from script/rails:6:in `<main>'
